<?xml version="1.0" encoding="UTF-8"?>
<!-- Generated by org.testng.reporters.JUnitReportReporter -->
<testsuite hostname="IN-5CG1416BT6" failures="0" tests="2" name="multiplebrowser.MultipleBrowserDemo" time="40.279" errors="0" timestamp="2022-09-02T11:54:13 IST" skipped="0">
  <testcase classname="multiplebrowser.MultipleBrowserDemo" name="multiplebrowser" time="29.728"/>
  <system-out/>
  <testcase classname="multiplebrowser.MultipleBrowserDemo" name="multiplebrowser" time="10.551"/>
  <system-out/>
</testsuite> <!-- multiplebrowser.MultipleBrowserDemo -->
