<?xml version="1.0" encoding="UTF-8"?>
<!-- Generated by org.testng.reporters.JUnitReportReporter -->
<testsuite hostname="IN-5CG1416BT6" failures="0" tests="1" name="com.EasyCal.VerifyLogin" time="30.255" errors="0" timestamp="2022-09-08T11:35:19 IST" skipped="0">
  <testcase classname="com.EasyCal.VerifyLogin" name="CheckValidUser" time="30.255"/>
  <system-out/>
</testsuite> <!-- com.EasyCal.VerifyLogin -->
