<?xml version="1.0" encoding="UTF-8"?>
<!-- Generated by org.testng.reporters.JUnitReportReporter -->
<testsuite hostname="IN-5CG1416BT6" failures="0" tests="1" name="com.easycalculationpages.Main" time="10.621" errors="0" timestamp="2022-09-07T19:52:32 IST" skipped="0">
  <testcase classname="com.easycalculationpages.Main" name="navigat" time="10.621"/>
  <system-out/>
</testsuite> <!-- com.easycalculationpages.Main -->
