<?xml version="1.0" encoding="UTF-8"?>
<!-- Generated by org.testng.reporters.JUnitReportReporter -->
<testsuite hostname="IN-5CG1416BT6" failures="0" tests="1" name="screenshot.HeadlessBrowserDemo" time="12.551" errors="0" timestamp="2022-09-01T16:43:50 IST" skipped="0">
  <testcase classname="screenshot.HeadlessBrowserDemo" name="headlessBrowser" time="12.551"/>
  <system-out/>
</testsuite> <!-- screenshot.HeadlessBrowserDemo -->
