<?xml version="1.0" encoding="UTF-8"?>
<!-- Generated by org.testng.reporters.JUnitReportReporter -->
<testsuite hostname="IN-5CG1416BT6" failures="0" tests="1" name="screenshot.CaseStudyScreenshot" time="67.705" errors="0" timestamp="2022-09-01T15:26:31 IST" skipped="0">
  <testcase classname="screenshot.CaseStudyScreenshot" name="jsalert" time="67.705"/>
  <system-out/>
</testsuite> <!-- screenshot.CaseStudyScreenshot -->
