<?xml version="1.0" encoding="UTF-8"?>
<!-- Generated by org.testng.reporters.JUnitReportReporter -->
<testsuite hostname="IN-5CG1416BT6" failures="0" tests="1" name="screenshot.ScreenshotDemo" time="87.655" errors="0" timestamp="2022-09-01T15:10:48 IST" skipped="0">
  <testcase classname="screenshot.ScreenshotDemo" name="jsalert" time="87.655"/>
  <system-out/>
</testsuite> <!-- screenshot.ScreenshotDemo -->
