<?xml version="1.0" encoding="UTF-8"?>
<!-- Generated by org.testng.reporters.JUnitReportReporter -->
<testsuite hostname="IN-5CG1416BT6" failures="0" tests="1" name="screenshot.ReusabilityDemo" time="71.803" errors="0" timestamp="2022-09-01T16:14:03 IST" skipped="0">
  <testcase classname="screenshot.ReusabilityDemo" name="Browser" time="71.803"/>
  <system-out/>
</testsuite> <!-- screenshot.ReusabilityDemo -->
