<?xml version="1.0" encoding="UTF-8"?>
<!-- Generated by org.testng.reporters.JUnitReportReporter -->
<testsuite hostname="IN-5CG1416BT6" failures="0" tests="1" name="scrolldown.easemytripcasestudy2" time="80.060" errors="0" timestamp="2022-09-05T15:48:03 IST" skipped="0">
  <testcase classname="scrolldown.easemytripcasestudy2" name="EasyMytrip" time="80.060"/>
  <system-out/>
</testsuite> <!-- scrolldown.easemytripcasestudy2 -->
