<?xml version="1.0" encoding="UTF-8"?>
<!-- Generated by org.testng.reporters.JUnitReportReporter -->
<testsuite hostname="IN-5CG1416BT6" failures="0" tests="1" name="scrolldown.EasyMytripcasestudy" time="66.441" errors="0" timestamp="2022-09-05T15:12:08 IST" skipped="0">
  <testcase classname="scrolldown.EasyMytripcasestudy" name="EasyMytrip" time="66.441"/>
  <system-out/>
</testsuite> <!-- scrolldown.EasyMytripcasestudy -->
