<?xml version="1.0" encoding="UTF-8"?>
<!-- Generated by org.testng.reporters.JUnitReportReporter -->
<testsuite hostname="IN-5CG1416BT6" failures="0" tests="1" name="scrolldown.ScrollDownDemo" time="36.473" errors="0" timestamp="2022-09-05T12:34:14 IST" skipped="0">
  <testcase classname="scrolldown.ScrollDownDemo" name="ScrollDownTest" time="36.473"/>
  <system-out/>
</testsuite> <!-- scrolldown.ScrollDownDemo -->
