<?xml version="1.0" encoding="UTF-8"?>
<!-- Generated by org.testng.reporters.JUnitReportReporter -->
<testsuite hostname="IN-5CG1416BT6" failures="0" tests="1" name="scrolldown.Easycalculationcasestudy" time="86.816" errors="0" timestamp="2022-09-05T14:43:32 IST" skipped="0">
  <testcase classname="scrolldown.Easycalculationcasestudy" name="ScrollDownTest" time="86.816"/>
  <system-out/>
</testsuite> <!-- scrolldown.Easycalculationcasestudy -->
