<?xml version="1.0" encoding="UTF-8"?>
<!-- Generated by org.testng.reporters.JUnitReportReporter -->
<testsuite hostname="IN-5CG1416BT6" failures="0" tests="5" name="prioritydemo.PriorityDemo" time="0.014" errors="0" timestamp="2022-09-02T14:56:25 IST" skipped="0">
  <testcase classname="prioritydemo.PriorityDemo" name="ParkCar" time="0.009"/>
  <system-out/>
  <testcase classname="prioritydemo.PriorityDemo" name="startEngine" time="0.002"/>
  <system-out/>
  <testcase classname="prioritydemo.PriorityDemo" name="putFirstGear" time="0.002"/>
  <system-out/>
  <testcase classname="prioritydemo.PriorityDemo" name="putSecondGear" time="0.000"/>
  <system-out/>
  <testcase classname="prioritydemo.PriorityDemo" name="putThirdGear" time="0.001"/>
  <system-out/>
</testsuite> <!-- prioritydemo.PriorityDemo -->
