<?xml version="1.0" encoding="UTF-8"?>
<!-- Generated by org.testng.reporters.JUnitReportReporter -->
<testsuite hostname="IN-5CG1416BT6" failures="0" tests="1" name="DropDownDemo.JSAlertsDemo" time="32.250" errors="0" timestamp="2022-09-01T10:02:30 IST" skipped="0">
  <testcase classname="DropDownDemo.JSAlertsDemo" name="jsalert" time="32.250"/>
  <system-out/>
</testsuite> <!-- DropDownDemo.JSAlertsDemo -->
