<?xml version="1.0" encoding="UTF-8"?>
<!-- Generated by org.testng.reporters.JUnitReportReporter -->
<testsuite hostname="IN-5CG1416BT6" failures="0" tests="1" name="DropDownDemo.DropDownCaseStudy" time="10.915" errors="0" timestamp="2022-08-30T13:00:16 IST" skipped="0">
  <testcase classname="DropDownDemo.DropDownCaseStudy" name="CaseStudy" time="10.915"/>
  <system-out/>
</testsuite> <!-- DropDownDemo.DropDownCaseStudy -->
