<?xml version="1.0" encoding="UTF-8"?>
<!-- Generated by org.testng.reporters.JUnitReportReporter -->
<testsuite hostname="IN-5CG1416BT6" failures="0" tests="1" name="DropDownDemo.DropDownDemoClass" time="10.164" errors="0" timestamp="2022-08-30T15:10:34 IST" skipped="0">
  <testcase classname="DropDownDemo.DropDownDemoClass" name="testDemo" time="10.164"/>
  <system-out/>
</testsuite> <!-- DropDownDemo.DropDownDemoClass -->
