<?xml version="1.0" encoding="UTF-8"?>
<!-- Generated by org.testng.reporters.JUnitReportReporter -->
<testsuite hostname="IN-5CG1416BT6" failures="0" tests="1" name="DropDownDemo.MultipleFramesDemo" time="127.944" errors="0" timestamp="2022-09-01T14:55:15 IST" skipped="0">
  <testcase classname="DropDownDemo.MultipleFramesDemo" name="iframes" time="127.944"/>
  <system-out/>
</testsuite> <!-- DropDownDemo.MultipleFramesDemo -->
